C51 COMPILER V9.54   PASS                                                                  09/25/2015 18:48:19 PAGE 1   


C51 COMPILER V9.54, COMPILATION OF MODULE PASS
OBJECT MODULE PLACED IN .\Objects\pass.obj
COMPILER INVOKED BY: C:\Keil_v5\C51\BIN\C51.EXE pass.c OPTIMIZE(8,SPEED) BROWSE DEBUG OBJECTEXTEND PRINT(.\Listings\pass
                    -.lst) TABS(2) OBJECT(.\Objects\pass.obj)

line level    source

   1          #include<reg51.h>
   2          #include"lcd.h"
   3          #include"keypad.h"
   4          
   5          sbit Dmotor=P3^0;
   6          void main()
   7          {
   8   1        
   9   1        unsigned char i,read_pwd[5],count;
  10   1        unsigned char password[5]="12345";
  11   1        Dmotor=0;
  12   1        init_lcd();
  13   1        str_lcd("pwd door lock");
  14   1        delay_ms(500);
  15   1        cmd_lcd(0x80);
  16   1        str_lcd("enter password");
  17   1        
  18   1        while(1)
  19   1        {
  20   2          cmd_lcd(0x80);
  21   2        str_lcd("enter password");
  22   2          cmd_lcd(0xc0);
  23   2        str_lcd("          ");
  24   2          count=0;
  25   2          cmd_lcd(0xc0);
  26   2          for(i=0;i<5;i++)
  27   2          {
  28   3            read_pwd[i]=0x30+keyscan();
  29   3            disp_lcd('*');
  30   3            //delay_ms(10);
  31   3          } 
  32   2          //str_lcd(read_pwd);
  33   2          for(i=0;i<5;i++)
  34   2          {
  35   3            if(read_pwd[i]==password[i])
  36   3            count++;
  37   3          }
  38   2          cmd_lcd(0x80);
  39   2          if(count==5)
  40   2          {
  41   3            
  42   3            str_lcd("pwd is correct");
  43   3            cmd_lcd(0xc0);
  44   3            str_lcd("opening.....");
  45   3            Dmotor=1;
  46   3            delay_ms(3000);
  47   3            Dmotor=0;
  48   3            cmd_lcd(0xc0);
  49   3            str_lcd("opened       ");
  50   3          }
  51   2          else
  52   2          {
  53   3            str_lcd("pwd is wrong  ");
  54   3              Dmotor=0;
C51 COMPILER V9.54   PASS                                                                  09/25/2015 18:48:19 PAGE 2   

  55   3            
  56   3          }
  57   2          delay_ms(500);
  58   2            
  59   2        }
  60   1      }


MODULE INFORMATION:   STATIC OVERLAYABLE
   CODE SIZE        =    578    ----
   CONSTANT SIZE    =    107    ----
   XDATA SIZE       =   ----    ----
   PDATA SIZE       =   ----    ----
   DATA SIZE        =     12      22
   IDATA SIZE       =   ----    ----
   BIT SIZE         =   ----    ----
END OF MODULE INFORMATION.


C51 COMPILATION COMPLETE.  0 WARNING(S),  0 ERROR(S)
